# JRE version: Java(TM) SE Runtime Environment (8.0_251-b08) (build 1.8.0_251-b08)
# Java VM: Java HotSpot(TM) 64-Bit Server VM (25.251-b08 mixed mode windows-amd64 compressed oops)
Heap:
 PSYoungGen      total 321536K, used 74367K [0x00000000eb400000, 0x0000000100000000, 0x0000000100000000)
  eden space 303104K, 24% used [0x00000000eb400000,0x00000000efb43738,0x00000000fdc00000)
  from space 18432K, 7% used [0x00000000fdc00000,0x00000000fdd5c6c0,0x00000000fee00000)
  to   space 18432K, 0% used [0x00000000fee00000,0x00000000fee00000,0x0000000100000000)
 ParOldGen       total 67072K, used 40606K [0x00000000c1c00000, 0x00000000c5d80000, 0x00000000eb400000)
  object space 67072K, 60% used [0x00000000c1c00000,0x00000000c43a7ad8,0x00000000c5d80000)
 Metaspace       used 69682K, capacity 72338K, committed 72576K, reserved 1112064K
  class space    used 9330K, capacity 9822K, committed 9856K, reserved 1048576K
GC Heap History (10 events):
Event: 8.386 GC heap before
{Heap before GC invocations=14 (full 2):
 PSYoungGen      total 203776K, used 193024K [0x00000000eb400000, 0x00000000fdd00000, 0x0000000100000000)
  eden space 193024K, 100% used [0x00000000eb400000,0x00000000f7080000,0x00000000f7080000)
  from space 10752K, 0% used [0x00000000f7080000,0x00000000f7080000,0x00000000f7b00000)
  to   space 10240K, 0% used [0x00000000fd300000,0x00000000fd300000,0x00000000fdd00000)
 ParOldGen       total 42496K, used 14690K [0x00000000c1c00000, 0x00000000c4580000, 0x00000000eb400000)
  object space 42496K, 34% used [0x00000000c1c00000,0x00000000c2a58b78,0x00000000c4580000)
 Metaspace       used 41402K, capacity 43226K, committed 43520K, reserved 1087488K
  class space    used 5518K, capacity 5870K, committed 5888K, reserved 1048576K
Event: 8.395 GC heap after
Heap after GC invocations=14 (full 2):
 PSYoungGen      total 281088K, used 8660K [0x00000000eb400000, 0x00000000fdb80000, 0x0000000100000000)
  eden space 272384K, 0% used [0x00000000eb400000,0x00000000eb400000,0x00000000fbe00000)
  from space 8704K, 99% used [0x00000000fd300000,0x00000000fdb75350,0x00000000fdb80000)
  to   space 11264K, 0% used [0x00000000fc580000,0x00000000fc580000,0x00000000fd080000)
 ParOldGen       total 42496K, used 14698K [0x00000000c1c00000, 0x00000000c4580000, 0x00000000eb400000)
  object space 42496K, 34% used [0x00000000c1c00000,0x00000000c2a5ab78,0x00000000c4580000)
 Metaspace       used 41402K, capacity 43226K, committed 43520K, reserved 1087488K
  class space    used 5518K, capacity 5870K, committed 5888K, reserved 1048576K
}
Event: 12.843 GC heap before
{Heap before GC invocations=15 (full 2):
 PSYoungGen      total 281088K, used 167334K [0x00000000eb400000, 0x00000000fdb80000, 0x0000000100000000)
  eden space 272384K, 58% used [0x00000000eb400000,0x00000000f4ef4718,0x00000000fbe00000)
  from space 8704K, 99% used [0x00000000fd300000,0x00000000fdb75350,0x00000000fdb80000)
  to   space 11264K, 0% used [0x00000000fc580000,0x00000000fc580000,0x00000000fd080000)
 ParOldGen       total 42496K, used 14698K [0x00000000c1c00000, 0x00000000c4580000, 0x00000000eb400000)
  object space 42496K, 34% used [0x00000000c1c00000,0x00000000c2a5ab78,0x00000000c4580000)
 Metaspace       used 56716K, capacity 58636K, committed 59008K, reserved 1099776K
  class space    used 7692K, capacity 8061K, committed 8064K, reserved 1048576K
Event: 12.867 GC heap after
Heap after GC invocations=15 (full 2):
 PSYoungGen      total 291328K, used 11259K [0x00000000eb400000, 0x0000000100000000, 0x0000000100000000)
  eden space 280064K, 0% used [0x00000000eb400000,0x00000000eb400000,0x00000000fc580000)
  from space 11264K, 99% used [0x00000000fc580000,0x00000000fd07ee28,0x00000000fd080000)
  to   space 15360K, 0% used [0x00000000ff100000,0x00000000ff100000,0x0000000100000000)
 ParOldGen       total 42496K, used 22025K [0x00000000c1c00000, 0x00000000c4580000, 0x00000000eb400000)
  object space 42496K, 51% used [0x00000000c1c00000,0x00000000c3182570,0x00000000c4580000)
 Metaspace       used 56716K, capacity 58636K, committed 59008K, reserved 1099776K
  class space    used 7692K, capacity 8061K, committed 8064K, reserved 1048576K
}
Event: 12.867 GC heap before
{Heap before GC invocations=16 (full 3):
 PSYoungGen      total 291328K, used 11259K [0x00000000eb400000, 0x0000000100000000, 0x0000000100000000)
  eden space 280064K, 0% used [0x00000000eb400000,0x00000000eb400000,0x00000000fc580000)
  from space 11264K, 99% used [0x00000000fc580000,0x00000000fd07ee28,0x00000000fd080000)
  to   space 15360K, 0% used [0x00000000ff100000,0x00000000ff100000,0x0000000100000000)
 ParOldGen       total 42496K, used 22025K [0x00000000c1c00000, 0x00000000c4580000, 0x00000000eb400000)
  object space 42496K, 51% used [0x00000000c1c00000,0x00000000c3182570,0x00000000c4580000)
 Metaspace       used 56716K, capacity 58636K, committed 59008K, reserved 1099776K
  class space    used 7692K, capacity 8061K, committed 8064K, reserved 1048576K
Event: 13.059 GC heap after
Heap after GC invocations=16 (full 3):
 PSYoungGen      total 291328K, used 0K [0x00000000eb400000, 0x0000000100000000, 0x0000000100000000)
  eden space 280064K, 0% used [0x00000000eb400000,0x00000000eb400000,0x00000000fc580000)
  from space 11264K, 0% used [0x00000000fc580000,0x00000000fc580000,0x00000000fd080000)
  to   space 15360K, 0% used [0x00000000ff100000,0x00000000ff100000,0x0000000100000000)
 ParOldGen       total 67072K, used 30189K [0x00000000c1c00000, 0x00000000c5d80000, 0x00000000eb400000)
  object space 67072K, 45% used [0x00000000c1c00000,0x00000000c397b470,0x00000000c5d80000)
 Metaspace       used 56716K, capacity 58636K, committed 59008K, reserved 1099776K
  class space    used 7692K, capacity 8061K, committed 8064K, reserved 1048576K
}
Event: 16.634 GC heap before
{Heap before GC invocations=17 (full 3):
 PSYoungGen      total 291328K, used 280064K [0x00000000eb400000, 0x0000000100000000, 0x0000000100000000)
  eden space 280064K, 100% used [0x00000000eb400000,0x00000000fc580000,0x00000000fc580000)
  from space 11264K, 0% used [0x00000000fc580000,0x00000000fc580000,0x00000000fd080000)
  to   space 15360K, 0% used [0x00000000ff100000,0x00000000ff100000,0x0000000100000000)
 ParOldGen       total 67072K, used 30189K [0x00000000c1c00000, 0x00000000c5d80000, 0x00000000eb400000)
  object space 67072K, 45% used [0x00000000c1c00000,0x00000000c397b470,0x00000000c5d80000)
 Metaspace       used 67666K, capacity 70286K, committed 70528K, reserved 1110016K
  class space    used 9114K, capacity 9578K, committed 9600K, reserved 1048576K
Event: 16.657 GC heap after
Heap after GC invocations=17 (full 3):
 PSYoungGen      total 318464K, used 15353K [0x00000000eb400000, 0x0000000100000000, 0x0000000100000000)
  eden space 303104K, 0% used [0x00000000eb400000,0x00000000eb400000,0x00000000fdc00000)
  from space 15360K, 99% used [0x00000000ff100000,0x00000000ffffe648,0x0000000100000000)
  to   space 18432K, 0% used [0x00000000fdc00000,0x00000000fdc00000,0x00000000fee00000)
 ParOldGen       total 67072K, used 32458K [0x00000000c1c00000, 0x00000000c5d80000, 0x00000000eb400000)
  object space 67072K, 48% used [0x00000000c1c00000,0x00000000c3bb2a68,0x00000000c5d80000)
 Metaspace       used 67666K, capacity 70286K, committed 70528K, reserved 1110016K
  class space    used 9114K, capacity 9578K, committed 9600K, reserved 1048576K
}
Event: 724.523 GC heap before
{Heap before GC invocations=18 (full 3):
 PSYoungGen      total 318464K, used 318457K [0x00000000eb400000, 0x0000000100000000, 0x0000000100000000)
  eden space 303104K, 100% used [0x00000000eb400000,0x00000000fdc00000,0x00000000fdc00000)
  from space 15360K, 99% used [0x00000000ff100000,0x00000000ffffe648,0x0000000100000000)
  to   space 18432K, 0% used [0x00000000fdc00000,0x00000000fdc00000,0x00000000fee00000)
 ParOldGen       total 67072K, used 32458K [0x00000000c1c00000, 0x00000000c5d80000, 0x00000000eb400000)
  object space 67072K, 48% used [0x00000000c1c00000,0x00000000c3bb2a68,0x00000000c5d80000)
 Metaspace       used 68514K, capacity 71174K, committed 71424K, reserved 1112064K
  class space    used 9189K, capacity 9690K, committed 9728K, reserved 1048576K
Event: 724.737 GC heap after
Heap after GC invocations=18 (full 3):
 PSYoungGen      total 321536K, used 1393K [0x00000000eb400000, 0x0000000100000000, 0x0000000100000000)
  eden space 303104K, 0% used [0x00000000eb400000,0x00000000eb400000,0x00000000fdc00000)
  from space 18432K, 7% used [0x00000000fdc00000,0x00000000fdd5c6c0,0x00000000fee00000)
  to   space 18432K, 0% used [0x00000000fee00000,0x00000000fee00000,0x0000000100000000)
 ParOldGen       total 67072K, used 40606K [0x00000000c1c00000, 0x00000000c5d80000, 0x00000000eb400000)
  object space 67072K, 60% used [0x00000000c1c00000,0x00000000c43a7ad8,0x00000000c5d80000)
 Metaspace       used 68514K, capacity 71174K, committed 71424K, reserved 1112064K
  class space    used 9189K, capacity 9690K, committed 9728K, reserved 1048576K
}

