# JRE version: Java(TM) SE Runtime Environment (8.0_251-b08) (build 1.8.0_251-b08)
# Java VM: Java HotSpot(TM) 64-Bit Server VM (25.251-b08 mixed mode windows-amd64 compressed oops)
Heap:
 PSYoungGen      total 273920K, used 256666K [0x00000000eb400000, 0x0000000100000000, 0x0000000100000000)
  eden space 263168K, 97% used [0x00000000eb400000,0x00000000faea6bc0,0x00000000fb500000)
  from space 10752K, 0% used [0x00000000fb500000,0x00000000fb500000,0x00000000fbf80000)
  to   space 15360K, 0% used [0x00000000ff100000,0x00000000ff100000,0x0000000100000000)
 ParOldGen       total 74240K, used 30067K [0x00000000c1c00000, 0x00000000c6480000, 0x00000000eb400000)
  object space 74240K, 40% used [0x00000000c1c00000,0x00000000c395cf90,0x00000000c6480000)
 Metaspace       used 67702K, capacity 70342K, committed 70656K, reserved 1110016K
  class space    used 9145K, capacity 9626K, committed 9728K, reserved 1048576K
GC Heap History (10 events):
Event: 6.141 GC heap before
{Heap before GC invocations=12 (full 1):
 PSYoungGen      total 196096K, used 71722K [0x00000000eb400000, 0x00000000f8080000, 0x0000000100000000)
  eden space 186368K, 33% used [0x00000000eb400000,0x00000000ef0ba960,0x00000000f6a00000)
  from space 9728K, 98% used [0x00000000f7700000,0x00000000f8050260,0x00000000f8080000)
  to   space 10752K, 0% used [0x00000000f6b80000,0x00000000f6b80000,0x00000000f7600000)
 ParOldGen       total 30208K, used 10812K [0x00000000c1c00000, 0x00000000c3980000, 0x00000000eb400000)
  object space 30208K, 35% used [0x00000000c1c00000,0x00000000c268f1e8,0x00000000c3980000)
 Metaspace       used 33562K, capacity 35272K, committed 35416K, reserved 1079296K
  class space    used 4432K, capacity 4771K, committed 4864K, reserved 1048576K
Event: 6.152 GC heap after
Heap after GC invocations=12 (full 1):
 PSYoungGen      total 198656K, used 4944K [0x00000000eb400000, 0x00000000fcc80000, 0x0000000100000000)
  eden space 187904K, 0% used [0x00000000eb400000,0x00000000eb400000,0x00000000f6b80000)
  from space 10752K, 45% used [0x00000000f6b80000,0x00000000f70543a8,0x00000000f7600000)
  to   space 10752K, 0% used [0x00000000fc200000,0x00000000fc200000,0x00000000fcc80000)
 ParOldGen       total 30208K, used 16096K [0x00000000c1c00000, 0x00000000c3980000, 0x00000000eb400000)
  object space 30208K, 53% used [0x00000000c1c00000,0x00000000c2bb8080,0x00000000c3980000)
 Metaspace       used 33562K, capacity 35272K, committed 35416K, reserved 1079296K
  class space    used 4432K, capacity 4771K, committed 4864K, reserved 1048576K
}
Event: 6.152 GC heap before
{Heap before GC invocations=13 (full 2):
 PSYoungGen      total 198656K, used 4944K [0x00000000eb400000, 0x00000000fcc80000, 0x0000000100000000)
  eden space 187904K, 0% used [0x00000000eb400000,0x00000000eb400000,0x00000000f6b80000)
  from space 10752K, 45% used [0x00000000f6b80000,0x00000000f70543a8,0x00000000f7600000)
  to   space 10752K, 0% used [0x00000000fc200000,0x00000000fc200000,0x00000000fcc80000)
 ParOldGen       total 30208K, used 16096K [0x00000000c1c00000, 0x00000000c3980000, 0x00000000eb400000)
  object space 30208K, 53% used [0x00000000c1c00000,0x00000000c2bb8080,0x00000000c3980000)
 Metaspace       used 33562K, capacity 35272K, committed 35416K, reserved 1079296K
  class space    used 4432K, capacity 4771K, committed 4864K, reserved 1048576K
Event: 6.254 GC heap after
Heap after GC invocations=13 (full 2):
 PSYoungGen      total 198656K, used 0K [0x00000000eb400000, 0x00000000fcc80000, 0x0000000100000000)
  eden space 187904K, 0% used [0x00000000eb400000,0x00000000eb400000,0x00000000f6b80000)
  from space 10752K, 0% used [0x00000000f6b80000,0x00000000f6b80000,0x00000000f7600000)
  to   space 10752K, 0% used [0x00000000fc200000,0x00000000fc200000,0x00000000fcc80000)
 ParOldGen       total 46592K, used 14701K [0x00000000c1c00000, 0x00000000c4980000, 0x00000000eb400000)
  object space 46592K, 31% used [0x00000000c1c00000,0x00000000c2a5b790,0x00000000c4980000)
 Metaspace       used 33562K, capacity 35272K, committed 35416K, reserved 1079296K
  class space    used 4432K, capacity 4771K, committed 4864K, reserved 1048576K
}
Event: 7.706 GC heap before
{Heap before GC invocations=14 (full 2):
 PSYoungGen      total 198656K, used 187904K [0x00000000eb400000, 0x00000000fcc80000, 0x0000000100000000)
  eden space 187904K, 100% used [0x00000000eb400000,0x00000000f6b80000,0x00000000f6b80000)
  from space 10752K, 0% used [0x00000000f6b80000,0x00000000f6b80000,0x00000000f7600000)
  to   space 10752K, 0% used [0x00000000fc200000,0x00000000fc200000,0x00000000fcc80000)
 ParOldGen       total 46592K, used 14701K [0x00000000c1c00000, 0x00000000c4980000, 0x00000000eb400000)
  object space 46592K, 31% used [0x00000000c1c00000,0x00000000c2a5b790,0x00000000c4980000)
 Metaspace       used 41563K, capacity 43400K, committed 43520K, reserved 1087488K
  class space    used 5528K, capacity 5867K, committed 5888K, reserved 1048576K
Event: 7.717 GC heap after
Heap after GC invocations=14 (full 2):
 PSYoungGen      total 260096K, used 7743K [0x00000000eb400000, 0x00000000fca00000, 0x0000000100000000)
  eden space 251904K, 0% used [0x00000000eb400000,0x00000000eb400000,0x00000000faa00000)
  from space 8192K, 94% used [0x00000000fc200000,0x00000000fc98ff38,0x00000000fca00000)
  to   space 10752K, 0% used [0x00000000fb500000,0x00000000fb500000,0x00000000fbf80000)
 ParOldGen       total 46592K, used 14709K [0x00000000c1c00000, 0x00000000c4980000, 0x00000000eb400000)
  object space 46592K, 31% used [0x00000000c1c00000,0x00000000c2a5d790,0x00000000c4980000)
 Metaspace       used 41563K, capacity 43400K, committed 43520K, reserved 1087488K
  class space    used 5528K, capacity 5867K, committed 5888K, reserved 1048576K
}
Event: 11.492 GC heap before
{Heap before GC invocations=15 (full 2):
 PSYoungGen      total 260096K, used 165265K [0x00000000eb400000, 0x00000000fca00000, 0x0000000100000000)
  eden space 251904K, 62% used [0x00000000eb400000,0x00000000f4dd47d0,0x00000000faa00000)
  from space 8192K, 94% used [0x00000000fc200000,0x00000000fc98ff38,0x00000000fca00000)
  to   space 10752K, 0% used [0x00000000fb500000,0x00000000fb500000,0x00000000fbf80000)
 ParOldGen       total 46592K, used 14709K [0x00000000c1c00000, 0x00000000c4980000, 0x00000000eb400000)
  object space 46592K, 31% used [0x00000000c1c00000,0x00000000c2a5d790,0x00000000c4980000)
 Metaspace       used 56725K, capacity 58768K, committed 59008K, reserved 1099776K
  class space    used 7667K, capacity 8047K, committed 8064K, reserved 1048576K
Event: 11.514 GC heap after
Heap after GC invocations=15 (full 2):
 PSYoungGen      total 273920K, used 10740K [0x00000000eb400000, 0x0000000100000000, 0x0000000100000000)
  eden space 263168K, 0% used [0x00000000eb400000,0x00000000eb400000,0x00000000fb500000)
  from space 10752K, 99% used [0x00000000fb500000,0x00000000fbf7d100,0x00000000fbf80000)
  to   space 15360K, 0% used [0x00000000ff100000,0x00000000ff100000,0x0000000100000000)
 ParOldGen       total 46592K, used 22532K [0x00000000c1c00000, 0x00000000c4980000, 0x00000000eb400000)
  object space 46592K, 48% used [0x00000000c1c00000,0x00000000c32012b0,0x00000000c4980000)
 Metaspace       used 56725K, capacity 58768K, committed 59008K, reserved 1099776K
  class space    used 7667K, capacity 8047K, committed 8064K, reserved 1048576K
}
Event: 11.514 GC heap before
{Heap before GC invocations=16 (full 3):
 PSYoungGen      total 273920K, used 10740K [0x00000000eb400000, 0x0000000100000000, 0x0000000100000000)
  eden space 263168K, 0% used [0x00000000eb400000,0x00000000eb400000,0x00000000fb500000)
  from space 10752K, 99% used [0x00000000fb500000,0x00000000fbf7d100,0x00000000fbf80000)
  to   space 15360K, 0% used [0x00000000ff100000,0x00000000ff100000,0x0000000100000000)
 ParOldGen       total 46592K, used 22532K [0x00000000c1c00000, 0x00000000c4980000, 0x00000000eb400000)
  object space 46592K, 48% used [0x00000000c1c00000,0x00000000c32012b0,0x00000000c4980000)
 Metaspace       used 56725K, capacity 58768K, committed 59008K, reserved 1099776K
  class space    used 7667K, capacity 8047K, committed 8064K, reserved 1048576K
Event: 11.885 GC heap after
Heap after GC invocations=16 (full 3):
 PSYoungGen      total 273920K, used 0K [0x00000000eb400000, 0x0000000100000000, 0x0000000100000000)
  eden space 263168K, 0% used [0x00000000eb400000,0x00000000eb400000,0x00000000fb500000)
  from space 10752K, 0% used [0x00000000fb500000,0x00000000fb500000,0x00000000fbf80000)
  to   space 15360K, 0% used [0x00000000ff100000,0x00000000ff100000,0x0000000100000000)
 ParOldGen       total 74240K, used 30067K [0x00000000c1c00000, 0x00000000c6480000, 0x00000000eb400000)
  object space 74240K, 40% used [0x00000000c1c00000,0x00000000c395cf90,0x00000000c6480000)
 Metaspace       used 56725K, capacity 58768K, committed 59008K, reserved 1099776K
  class space    used 7667K, capacity 8047K, committed 8064K, reserved 1048576K
}

