# JRE version: Java(TM) SE Runtime Environment (8.0_251-b08) (build 1.8.0_251-b08)
# Java VM: Java HotSpot(TM) 64-Bit Server VM (25.251-b08 mixed mode windows-amd64 compressed oops)
Heap:
 PSYoungGen      total 272896K, used 221354K [0x00000000eb400000, 0x0000000100000000, 0x0000000100000000)
  eden space 261632K, 84% used [0x00000000eb400000,0x00000000f8c2a910,0x00000000fb380000)
  from space 11264K, 0% used [0x00000000fb380000,0x00000000fb380000,0x00000000fbe80000)
  to   space 15360K, 0% used [0x00000000ff100000,0x00000000ff100000,0x0000000100000000)
 ParOldGen       total 77824K, used 30532K [0x00000000c1c00000, 0x00000000c6800000, 0x00000000eb400000)
  object space 77824K, 39% used [0x00000000c1c00000,0x00000000c39d10c0,0x00000000c6800000)
 Metaspace       used 65182K, capacity 67728K, committed 67968K, reserved 1107968K
  class space    used 8827K, capacity 9311K, committed 9344K, reserved 1048576K
GC Heap History (10 events):
Event: 5.236 GC heap before
{Heap before GC invocations=12 (full 1):
 PSYoungGen      total 196096K, used 73891K [0x00000000eb400000, 0x00000000f8000000, 0x0000000100000000)
  eden space 186368K, 34% used [0x00000000eb400000,0x00000000ef2d51c8,0x00000000f6a00000)
  from space 9728K, 98% used [0x00000000f7680000,0x00000000f7fd3ba0,0x00000000f8000000)
  to   space 11264K, 0% used [0x00000000f6a00000,0x00000000f6a00000,0x00000000f7500000)
 ParOldGen       total 30720K, used 10856K [0x00000000c1c00000, 0x00000000c3a00000, 0x00000000eb400000)
  object space 30720K, 35% used [0x00000000c1c00000,0x00000000c269a0e8,0x00000000c3a00000)
 Metaspace       used 33569K, capacity 35264K, committed 35416K, reserved 1079296K
  class space    used 4432K, capacity 4771K, committed 4864K, reserved 1048576K
Event: 5.254 GC heap after
Heap after GC invocations=12 (full 1):
 PSYoungGen      total 197632K, used 4831K [0x00000000eb400000, 0x00000000fcc00000, 0x0000000100000000)
  eden space 186368K, 0% used [0x00000000eb400000,0x00000000eb400000,0x00000000f6a00000)
  from space 11264K, 42% used [0x00000000f6a00000,0x00000000f6eb7c30,0x00000000f7500000)
  to   space 10752K, 0% used [0x00000000fc180000,0x00000000fc180000,0x00000000fcc00000)
 ParOldGen       total 30720K, used 16175K [0x00000000c1c00000, 0x00000000c3a00000, 0x00000000eb400000)
  object space 30720K, 52% used [0x00000000c1c00000,0x00000000c2bcbf50,0x00000000c3a00000)
 Metaspace       used 33569K, capacity 35264K, committed 35416K, reserved 1079296K
  class space    used 4432K, capacity 4771K, committed 4864K, reserved 1048576K
}
Event: 5.254 GC heap before
{Heap before GC invocations=13 (full 2):
 PSYoungGen      total 197632K, used 4831K [0x00000000eb400000, 0x00000000fcc00000, 0x0000000100000000)
  eden space 186368K, 0% used [0x00000000eb400000,0x00000000eb400000,0x00000000f6a00000)
  from space 11264K, 42% used [0x00000000f6a00000,0x00000000f6eb7c30,0x00000000f7500000)
  to   space 10752K, 0% used [0x00000000fc180000,0x00000000fc180000,0x00000000fcc00000)
 ParOldGen       total 30720K, used 16175K [0x00000000c1c00000, 0x00000000c3a00000, 0x00000000eb400000)
  object space 30720K, 52% used [0x00000000c1c00000,0x00000000c2bcbf50,0x00000000c3a00000)
 Metaspace       used 33569K, capacity 35264K, committed 35416K, reserved 1079296K
  class space    used 4432K, capacity 4771K, committed 4864K, reserved 1048576K
Event: 5.383 GC heap after
Heap after GC invocations=13 (full 2):
 PSYoungGen      total 197632K, used 0K [0x00000000eb400000, 0x00000000fcc00000, 0x0000000100000000)
  eden space 186368K, 0% used [0x00000000eb400000,0x00000000eb400000,0x00000000f6a00000)
  from space 11264K, 0% used [0x00000000f6a00000,0x00000000f6a00000,0x00000000f7500000)
  to   space 10752K, 0% used [0x00000000fc180000,0x00000000fc180000,0x00000000fcc00000)
 ParOldGen       total 48640K, used 14636K [0x00000000c1c00000, 0x00000000c4b80000, 0x00000000eb400000)
  object space 48640K, 30% used [0x00000000c1c00000,0x00000000c2a4b100,0x00000000c4b80000)
 Metaspace       used 33569K, capacity 35264K, committed 35416K, reserved 1079296K
  class space    used 4432K, capacity 4771K, committed 4864K, reserved 1048576K
}
Event: 6.762 GC heap before
{Heap before GC invocations=14 (full 2):
 PSYoungGen      total 197632K, used 186368K [0x00000000eb400000, 0x00000000fcc00000, 0x0000000100000000)
  eden space 186368K, 100% used [0x00000000eb400000,0x00000000f6a00000,0x00000000f6a00000)
  from space 11264K, 0% used [0x00000000f6a00000,0x00000000f6a00000,0x00000000f7500000)
  to   space 10752K, 0% used [0x00000000fc180000,0x00000000fc180000,0x00000000fcc00000)
 ParOldGen       total 48640K, used 14636K [0x00000000c1c00000, 0x00000000c4b80000, 0x00000000eb400000)
  object space 48640K, 30% used [0x00000000c1c00000,0x00000000c2a4b100,0x00000000c4b80000)
 Metaspace       used 40923K, capacity 42730K, committed 43008K, reserved 1087488K
  class space    used 5437K, capacity 5772K, committed 5888K, reserved 1048576K
Event: 6.781 GC heap after
Heap after GC invocations=14 (full 2):
 PSYoungGen      total 249856K, used 8013K [0x00000000eb400000, 0x00000000fc980000, 0x0000000100000000)
  eden space 241664K, 0% used [0x00000000eb400000,0x00000000eb400000,0x00000000fa000000)
  from space 8192K, 97% used [0x00000000fc180000,0x00000000fc9534a8,0x00000000fc980000)
  to   space 11264K, 0% used [0x00000000fb380000,0x00000000fb380000,0x00000000fbe80000)
 ParOldGen       total 48640K, used 14644K [0x00000000c1c00000, 0x00000000c4b80000, 0x00000000eb400000)
  object space 48640K, 30% used [0x00000000c1c00000,0x00000000c2a4d100,0x00000000c4b80000)
 Metaspace       used 40923K, capacity 42730K, committed 43008K, reserved 1087488K
  class space    used 5437K, capacity 5772K, committed 5888K, reserved 1048576K
}
Event: 12.212 GC heap before
{Heap before GC invocations=15 (full 2):
 PSYoungGen      total 249856K, used 173861K [0x00000000eb400000, 0x00000000fc980000, 0x0000000100000000)
  eden space 241664K, 68% used [0x00000000eb400000,0x00000000f55f6158,0x00000000fa000000)
  from space 8192K, 97% used [0x00000000fc180000,0x00000000fc9534a8,0x00000000fc980000)
  to   space 11264K, 0% used [0x00000000fb380000,0x00000000fb380000,0x00000000fbe80000)
 ParOldGen       total 48640K, used 14644K [0x00000000c1c00000, 0x00000000c4b80000, 0x00000000eb400000)
  object space 48640K, 30% used [0x00000000c1c00000,0x00000000c2a4d100,0x00000000c4b80000)
 Metaspace       used 56642K, capacity 58576K, committed 59008K, reserved 1099776K
  class space    used 7691K, capacity 8061K, committed 8064K, reserved 1048576K
Event: 12.304 GC heap after
Heap after GC invocations=15 (full 2):
 PSYoungGen      total 272896K, used 11239K [0x00000000eb400000, 0x0000000100000000, 0x0000000100000000)
  eden space 261632K, 0% used [0x00000000eb400000,0x00000000eb400000,0x00000000fb380000)
  from space 11264K, 99% used [0x00000000fb380000,0x00000000fbe79c70,0x00000000fbe80000)
  to   space 15360K, 0% used [0x00000000ff100000,0x00000000ff100000,0x0000000100000000)
 ParOldGen       total 48640K, used 22346K [0x00000000c1c00000, 0x00000000c4b80000, 0x00000000eb400000)
  object space 48640K, 45% used [0x00000000c1c00000,0x00000000c31d2ac8,0x00000000c4b80000)
 Metaspace       used 56642K, capacity 58576K, committed 59008K, reserved 1099776K
  class space    used 7691K, capacity 8061K, committed 8064K, reserved 1048576K
}
Event: 12.304 GC heap before
{Heap before GC invocations=16 (full 3):
 PSYoungGen      total 272896K, used 11239K [0x00000000eb400000, 0x0000000100000000, 0x0000000100000000)
  eden space 261632K, 0% used [0x00000000eb400000,0x00000000eb400000,0x00000000fb380000)
  from space 11264K, 99% used [0x00000000fb380000,0x00000000fbe79c70,0x00000000fbe80000)
  to   space 15360K, 0% used [0x00000000ff100000,0x00000000ff100000,0x0000000100000000)
 ParOldGen       total 48640K, used 22346K [0x00000000c1c00000, 0x00000000c4b80000, 0x00000000eb400000)
  object space 48640K, 45% used [0x00000000c1c00000,0x00000000c31d2ac8,0x00000000c4b80000)
 Metaspace       used 56642K, capacity 58576K, committed 59008K, reserved 1099776K
  class space    used 7691K, capacity 8061K, committed 8064K, reserved 1048576K
Event: 12.768 GC heap after
Heap after GC invocations=16 (full 3):
 PSYoungGen      total 272896K, used 0K [0x00000000eb400000, 0x0000000100000000, 0x0000000100000000)
  eden space 261632K, 0% used [0x00000000eb400000,0x00000000eb400000,0x00000000fb380000)
  from space 11264K, 0% used [0x00000000fb380000,0x00000000fb380000,0x00000000fbe80000)
  to   space 15360K, 0% used [0x00000000ff100000,0x00000000ff100000,0x0000000100000000)
 ParOldGen       total 77824K, used 30532K [0x00000000c1c00000, 0x00000000c6800000, 0x00000000eb400000)
  object space 77824K, 39% used [0x00000000c1c00000,0x00000000c39d10c0,0x00000000c6800000)
 Metaspace       used 56642K, capacity 58576K, committed 59008K, reserved 1099776K
  class space    used 7691K, capacity 8061K, committed 8064K, reserved 1048576K
}

