# JRE version: Java(TM) SE Runtime Environment (8.0_251-b08) (build 1.8.0_251-b08)
# Java VM: Java HotSpot(TM) 64-Bit Server VM (25.251-b08 mixed mode windows-amd64 compressed oops)
Heap:
 PSYoungGen      total 268288K, used 141179K [0x00000000eb400000, 0x00000000fcd80000, 0x0000000100000000)
  eden space 257536K, 54% used [0x00000000eb400000,0x00000000f3ddecc0,0x00000000faf80000)
  from space 10752K, 0% used [0x00000000fb880000,0x00000000fb880000,0x00000000fc300000)
  to   space 8192K, 0% used [0x00000000fc580000,0x00000000fc580000,0x00000000fcd80000)
 ParOldGen       total 72704K, used 30525K [0x00000000c1c00000, 0x00000000c6300000, 0x00000000eb400000)
  object space 72704K, 41% used [0x00000000c1c00000,0x00000000c39cf490,0x00000000c6300000)
 Metaspace       used 61793K, capacity 63982K, committed 64128K, reserved 1103872K
  class space    used 8323K, capacity 8754K, committed 8832K, reserved 1048576K
GC Heap History (10 events):
Event: 4.818 GC heap before
{Heap before GC invocations=12 (full 1):
 PSYoungGen      total 197120K, used 74346K [0x00000000eb400000, 0x00000000f8100000, 0x0000000100000000)
  eden space 187392K, 34% used [0x00000000eb400000,0x00000000ef380e78,0x00000000f6b00000)
  from space 9728K, 95% used [0x00000000f7780000,0x00000000f8099d10,0x00000000f8100000)
  to   space 10752K, 0% used [0x00000000f6c00000,0x00000000f6c00000,0x00000000f7680000)
 ParOldGen       total 30208K, used 10856K [0x00000000c1c00000, 0x00000000c3980000, 0x00000000eb400000)
  object space 30208K, 35% used [0x00000000c1c00000,0x00000000c269a1e8,0x00000000c3980000)
 Metaspace       used 33567K, capacity 35272K, committed 35416K, reserved 1079296K
  class space    used 4429K, capacity 4771K, committed 4864K, reserved 1048576K
Event: 4.832 GC heap after
Heap after GC invocations=12 (full 1):
 PSYoungGen      total 199168K, used 5245K [0x00000000eb400000, 0x00000000fcf80000, 0x0000000100000000)
  eden space 188416K, 0% used [0x00000000eb400000,0x00000000eb400000,0x00000000f6c00000)
  from space 10752K, 48% used [0x00000000f6c00000,0x00000000f711f640,0x00000000f7680000)
  to   space 10240K, 0% used [0x00000000fc580000,0x00000000fc580000,0x00000000fcf80000)
 ParOldGen       total 30208K, used 15980K [0x00000000c1c00000, 0x00000000c3980000, 0x00000000eb400000)
  object space 30208K, 52% used [0x00000000c1c00000,0x00000000c2b9b040,0x00000000c3980000)
 Metaspace       used 33567K, capacity 35272K, committed 35416K, reserved 1079296K
  class space    used 4429K, capacity 4771K, committed 4864K, reserved 1048576K
}
Event: 4.832 GC heap before
{Heap before GC invocations=13 (full 2):
 PSYoungGen      total 199168K, used 5245K [0x00000000eb400000, 0x00000000fcf80000, 0x0000000100000000)
  eden space 188416K, 0% used [0x00000000eb400000,0x00000000eb400000,0x00000000f6c00000)
  from space 10752K, 48% used [0x00000000f6c00000,0x00000000f711f640,0x00000000f7680000)
  to   space 10240K, 0% used [0x00000000fc580000,0x00000000fc580000,0x00000000fcf80000)
 ParOldGen       total 30208K, used 15980K [0x00000000c1c00000, 0x00000000c3980000, 0x00000000eb400000)
  object space 30208K, 52% used [0x00000000c1c00000,0x00000000c2b9b040,0x00000000c3980000)
 Metaspace       used 33567K, capacity 35272K, committed 35416K, reserved 1079296K
  class space    used 4429K, capacity 4771K, committed 4864K, reserved 1048576K
Event: 4.895 GC heap after
Heap after GC invocations=13 (full 2):
 PSYoungGen      total 199168K, used 0K [0x00000000eb400000, 0x00000000fcf80000, 0x0000000100000000)
  eden space 188416K, 0% used [0x00000000eb400000,0x00000000eb400000,0x00000000f6c00000)
  from space 10752K, 0% used [0x00000000f6c00000,0x00000000f6c00000,0x00000000f7680000)
  to   space 10240K, 0% used [0x00000000fc580000,0x00000000fc580000,0x00000000fcf80000)
 ParOldGen       total 46080K, used 14759K [0x00000000c1c00000, 0x00000000c4900000, 0x00000000eb400000)
  object space 46080K, 32% used [0x00000000c1c00000,0x00000000c2a69f48,0x00000000c4900000)
 Metaspace       used 33567K, capacity 35272K, committed 35416K, reserved 1079296K
  class space    used 4429K, capacity 4771K, committed 4864K, reserved 1048576K
}
Event: 5.827 GC heap before
{Heap before GC invocations=14 (full 2):
 PSYoungGen      total 199168K, used 188416K [0x00000000eb400000, 0x00000000fcf80000, 0x0000000100000000)
  eden space 188416K, 100% used [0x00000000eb400000,0x00000000f6c00000,0x00000000f6c00000)
  from space 10752K, 0% used [0x00000000f6c00000,0x00000000f6c00000,0x00000000f7680000)
  to   space 10240K, 0% used [0x00000000fc580000,0x00000000fc580000,0x00000000fcf80000)
 ParOldGen       total 46080K, used 14759K [0x00000000c1c00000, 0x00000000c4900000, 0x00000000eb400000)
  object space 46080K, 32% used [0x00000000c1c00000,0x00000000c2a69f48,0x00000000c4900000)
 Metaspace       used 40948K, capacity 42802K, committed 43008K, reserved 1087488K
  class space    used 5441K, capacity 5772K, committed 5888K, reserved 1048576K
Event: 5.836 GC heap after
Heap after GC invocations=14 (full 2):
 PSYoungGen      total 265728K, used 8077K [0x00000000eb400000, 0x00000000fcd80000, 0x0000000100000000)
  eden space 257536K, 0% used [0x00000000eb400000,0x00000000eb400000,0x00000000faf80000)
  from space 8192K, 98% used [0x00000000fc580000,0x00000000fcd637d8,0x00000000fcd80000)
  to   space 10752K, 0% used [0x00000000fb880000,0x00000000fb880000,0x00000000fc300000)
 ParOldGen       total 46080K, used 14767K [0x00000000c1c00000, 0x00000000c4900000, 0x00000000eb400000)
  object space 46080K, 32% used [0x00000000c1c00000,0x00000000c2a6bf48,0x00000000c4900000)
 Metaspace       used 40948K, capacity 42802K, committed 43008K, reserved 1087488K
  class space    used 5441K, capacity 5772K, committed 5888K, reserved 1048576K
}
Event: 10.057 GC heap before
{Heap before GC invocations=15 (full 2):
 PSYoungGen      total 265728K, used 171719K [0x00000000eb400000, 0x00000000fcd80000, 0x0000000100000000)
  eden space 257536K, 63% used [0x00000000eb400000,0x00000000f53ce4e0,0x00000000faf80000)
  from space 8192K, 98% used [0x00000000fc580000,0x00000000fcd637d8,0x00000000fcd80000)
  to   space 10752K, 0% used [0x00000000fb880000,0x00000000fb880000,0x00000000fc300000)
 ParOldGen       total 46080K, used 14767K [0x00000000c1c00000, 0x00000000c4900000, 0x00000000eb400000)
  object space 46080K, 32% used [0x00000000c1c00000,0x00000000c2a6bf48,0x00000000c4900000)
 Metaspace       used 56658K, capacity 58588K, committed 59008K, reserved 1099776K
  class space    used 7692K, capacity 8063K, committed 8064K, reserved 1048576K
Event: 10.086 GC heap after
Heap after GC invocations=15 (full 2):
 PSYoungGen      total 268288K, used 10724K [0x00000000eb400000, 0x00000000fcd80000, 0x0000000100000000)
  eden space 257536K, 0% used [0x00000000eb400000,0x00000000eb400000,0x00000000faf80000)
  from space 10752K, 99% used [0x00000000fb880000,0x00000000fc2f9070,0x00000000fc300000)
  to   space 8192K, 0% used [0x00000000fc580000,0x00000000fc580000,0x00000000fcd80000)
 ParOldGen       total 46080K, used 23008K [0x00000000c1c00000, 0x00000000c4900000, 0x00000000eb400000)
  object space 46080K, 49% used [0x00000000c1c00000,0x00000000c32782a8,0x00000000c4900000)
 Metaspace       used 56658K, capacity 58588K, committed 59008K, reserved 1099776K
  class space    used 7692K, capacity 8063K, committed 8064K, reserved 1048576K
}
Event: 10.086 GC heap before
{Heap before GC invocations=16 (full 3):
 PSYoungGen      total 268288K, used 10724K [0x00000000eb400000, 0x00000000fcd80000, 0x0000000100000000)
  eden space 257536K, 0% used [0x00000000eb400000,0x00000000eb400000,0x00000000faf80000)
  from space 10752K, 99% used [0x00000000fb880000,0x00000000fc2f9070,0x00000000fc300000)
  to   space 8192K, 0% used [0x00000000fc580000,0x00000000fc580000,0x00000000fcd80000)
 ParOldGen       total 46080K, used 23008K [0x00000000c1c00000, 0x00000000c4900000, 0x00000000eb400000)
  object space 46080K, 49% used [0x00000000c1c00000,0x00000000c32782a8,0x00000000c4900000)
 Metaspace       used 56658K, capacity 58588K, committed 59008K, reserved 1099776K
  class space    used 7692K, capacity 8063K, committed 8064K, reserved 1048576K
Event: 10.272 GC heap after
Heap after GC invocations=16 (full 3):
 PSYoungGen      total 268288K, used 0K [0x00000000eb400000, 0x00000000fcd80000, 0x0000000100000000)
  eden space 257536K, 0% used [0x00000000eb400000,0x00000000eb400000,0x00000000faf80000)
  from space 10752K, 0% used [0x00000000fb880000,0x00000000fb880000,0x00000000fc300000)
  to   space 8192K, 0% used [0x00000000fc580000,0x00000000fc580000,0x00000000fcd80000)
 ParOldGen       total 72704K, used 30525K [0x00000000c1c00000, 0x00000000c6300000, 0x00000000eb400000)
  object space 72704K, 41% used [0x00000000c1c00000,0x00000000c39cf490,0x00000000c6300000)
 Metaspace       used 56658K, capacity 58588K, committed 59008K, reserved 1099776K
  class space    used 7692K, capacity 8063K, committed 8064K, reserved 1048576K
}

